<?xml version="1.0" encoding="UTF-8"?>
<testng-results skipped="0" failed="0" total="1" passed="1">
  <reporter-output>
  </reporter-output>
  <suite name="Default suite" duration-ms="108" started-at="2016-09-17T06:33:48Z" finished-at="2016-09-17T06:33:48Z">
    <groups>
    </groups>
    <test name="Default test" duration-ms="108" started-at="2016-09-17T06:33:48Z" finished-at="2016-09-17T06:33:48Z">
      <class name="org.ds.stack.StackTest">
        <test-method status="PASS" signature="push()[pri:0, instance:org.ds.stack.StackTest@7219ec67]" name="push" duration-ms="55" started-at="2016-09-17T14:33:48Z" finished-at="2016-09-17T14:33:48Z">
          <reporter-output>
          </reporter-output>
        </test-method> <!-- push -->
      </class> <!-- org.ds.stack.StackTest -->
    </test> <!-- Default test -->
  </suite> <!-- Default suite -->
</testng-results>
